2018-05-20 18:05:01 :INFO =>login successful
2018-05-20 18:40:32 :INFO =>login successful
2018-05-20 18:40:39 :INFO =>login successful
2018-05-20 18:44:11 :INFO =>Logged out
2018-05-20 18:45:07 :INFO =>login successful
2018-05-20 18:46:24 :INFO =>login successful
2018-05-20 18:47:19 :INFO =>Logged out
2018-05-20 18:47:45 :INFO =>login successful
2018-05-20 18:51:17 :INFO =>Password is changed successfully
2018-05-20 18:53:43 :INFO =>Password is changed successfully
2018-05-20 18:53:57 :INFO =>Please register first to login
2018-05-20 18:55:19 :INFO =>Incorrect Account Number
2018-05-20 18:58:14 :INFO =>Incorrect Account Number
2018-05-20 18:58:26 :INFO =>Already registered
2018-05-20 18:58:41 :INFO =>Already registered
2018-05-20 18:58:55 :INFO =>Registered Successfully
2018-05-20 19:03:42 :INFO =>login successful
2018-05-20 19:04:10 :INFO =>Payee added successfully
2018-05-20 19:07:26 :INFO =>Payee already added
2018-05-20 19:08:32 :INFO =>Payee already added
2018-05-20 19:08:58 :INFO =>Payee already added
2018-05-20 19:09:28 :INFO =>Payee added successfully
2018-05-20 19:10:21 :INFO =>login successful
2018-05-20 19:12:24 :INFO =>Payee Removed Successfully
2018-05-20 19:12:40 :INFO =>Payee Removed Successfully
2018-05-20 19:13:40 :INFO =>Payee Removed Successfully
2018-05-20 19:14:18 :INFO =>Payee Removed Successfully
2018-05-20 19:18:47 :INFO =>Payee added successfully
2018-05-20 19:21:02 :INFO =>Payee added successfully
2018-05-20 19:23:45 :INFO =>Payee added successfully
2018-05-20 19:24:57 :INFO =>Payee does not exist
2018-05-20 19:25:07 :INFO =>Payee added successfully
2018-05-20 19:25:18 :INFO =>Payee added successfully
2018-05-20 19:25:57 :INFO =>Payee Removed Successfully
2018-05-20 19:30:02 :INFO =>Payee does not exist
2018-05-20 19:30:19 :INFO =>Payee does not exist
2018-05-20 19:30:26 :INFO =>Payee Removed Successfully
2018-05-20 19:30:32 :INFO =>Payee does not exist
2018-05-20 19:31:37 :INFO =>login successful
2018-05-20 19:31:49 :INFO =>Deposited Successfully
2018-05-20 19:33:57 :INFO =>Insufficient balance
2018-05-20 19:34:27 :INFO =>Deposited Successfully
2018-05-20 19:35:11 :INFO =>Insufficient balance
2018-05-20 19:35:23 :INFO =>Deposited Successfully
2018-05-20 19:36:42 :INFO =>login successful
2018-05-20 19:39:17 :INFO =>login successful
2018-05-20 19:39:41 :INFO =>Please enter valid account number
2018-05-20 19:40:25 :INFO =>Payee added successfully
2018-05-20 20:10:30 :INFO =>Transferred succesfully
2018-05-20 20:11:29 :INFO =>Transferred succesfullyYou have insufficient balance
2018-05-20 20:12:35 :INFO =>Transferred succesfully
2018-05-20 20:13:22 :INFO =>Please enter valid account number
2018-05-20 20:13:59 :INFO =>login successful
2018-05-20 20:14:24 :INFO =>Payee already added
2018-05-20 20:14:36 :INFO =>Payee added successfully
2018-05-20 20:15:08 :INFO =>Payee Removed Successfully
2018-05-20 20:15:12 :INFO =>Payee does not exist
2018-05-20 20:15:41 :INFO =>Transferred succesfully
2018-05-20 20:15:49 :INFO =>Please enter valid account number
2018-05-20 20:16:10 :INFO =>Deposited Successfully
2018-05-20 20:16:28 :INFO =>Password is changed successfully
2018-05-20 20:16:43 :INFO =>Incorrect Account Number
2018-05-20 20:16:51 :INFO =>Already registered
2018-05-21 13:02:35 :INFO =>login successful
2018-05-21 13:02:45 :INFO =>login successful
2018-05-21 13:03:13 :INFO =>Payee already added
2018-05-21 13:03:23 :INFO =>Payee added successfully
2018-05-21 13:03:48 :INFO =>Payee Removed Successfully
2018-05-21 13:06:26 :INFO =>Already registered
2018-05-21 13:06:43 :INFO =>Incorrect Account Number
2018-05-29 16:56:20 :INFO =>enter valid password
2018-05-29 16:57:46 :INFO =>login successful
2018-05-29 17:04:19 :INFO =>Payee added successfully
2018-05-29 17:06:37 :INFO =>Payee Removed Successfully
2018-05-29 17:26:57 :INFO =>Payee does not exist
2018-05-29 17:34:36 :INFO =>Please enter valid account number
2018-05-29 17:39:52 :INFO =>Deposited Successfully
2018-06-26 19:11:44 :INFO =>enter valid password
2018-06-26 19:12:09 :INFO =>Password is changed successfully
2018-08-29 15:00:52 :INFO =>login successful
